[2020-03-06T21:47:45.038] [DEBUG] cheese - login => username:zs,password:123456
[2020-03-06T21:47:45.040] [DEBUG] cheese - zs
[2020-03-06T21:47:45.048] [DEBUG] cheese - null
[2020-03-06T21:47:45.049] [DEBUG] cheese - null
[2020-03-06T21:48:41.752] [DEBUG] cheese - login => username:admin,password:123456
[2020-03-06T21:48:41.752] [DEBUG] cheese - admin
[2020-03-06T21:48:41.757] [DEBUG] cheese - null
[2020-03-06T21:48:41.757] [DEBUG] cheese - null
[2020-03-07T18:38:07.720] [DEBUG] cheese - login => username:zsd,password:sdfasdff
[2020-03-07T18:38:07.722] [DEBUG] cheese - zsd
[2020-03-07T18:38:07.740] [DEBUG] cheese - null
[2020-03-07T18:38:07.740] [DEBUG] cheese - null
[2020-03-07T18:39:09.558] [DEBUG] cheese - login => username:qwerr,password:werqrq
[2020-03-07T18:39:09.558] [DEBUG] cheese - qwerr
[2020-03-07T18:39:09.560] [DEBUG] cheese - null
[2020-03-07T18:39:09.560] [DEBUG] cheese - null
[2020-03-07T18:41:03.287] [DEBUG] cheese - login => username:asdfasdf,password:asdfasdf
[2020-03-07T18:41:03.287] [DEBUG] cheese - asdfasdf
[2020-03-07T18:41:03.290] [DEBUG] cheese - null
[2020-03-07T18:41:03.290] [DEBUG] cheese - null
[2020-03-07T18:41:11.170] [DEBUG] cheese - login => username:admin,password:123456
[2020-03-07T18:41:11.170] [DEBUG] cheese - admin
[2020-03-07T18:41:11.175] [DEBUG] cheese - null
[2020-03-07T18:41:11.175] [DEBUG] cheese - null
[2020-03-07T18:53:52.780] [DEBUG] cheese - login => username:adfasdf,password:asdfasdf
[2020-03-07T18:53:52.780] [DEBUG] cheese - adfasdf
[2020-03-07T18:53:52.782] [DEBUG] cheese - null
[2020-03-07T18:53:52.782] [DEBUG] cheese - null
[2020-03-07T18:53:57.003] [DEBUG] cheese - login => username:adfasdf,password:asdfasdf
[2020-03-07T18:53:57.003] [DEBUG] cheese - adfasdf
[2020-03-07T18:53:57.004] [DEBUG] cheese - null
[2020-03-07T18:53:57.004] [DEBUG] cheese - null
[2020-03-07T18:54:04.340] [DEBUG] cheese - login => username:admin,password:123456
[2020-03-07T18:54:04.340] [DEBUG] cheese - admin
[2020-03-07T18:54:04.342] [DEBUG] cheese - null
[2020-03-07T18:54:04.342] [DEBUG] cheese - null
[2020-03-07T18:54:10.303] [DEBUG] cheese - login => username:admin,password:123456
[2020-03-07T18:54:10.303] [DEBUG] cheese - admin
[2020-03-07T18:54:10.305] [DEBUG] cheese - null
[2020-03-07T18:54:10.305] [DEBUG] cheese - null
[2020-03-07T19:00:01.300] [DEBUG] cheese - login => username:admin,password:123456
[2020-03-07T19:00:01.300] [DEBUG] cheese - admin
[2020-03-07T19:00:01.301] [DEBUG] cheese - null
[2020-03-07T19:00:01.302] [DEBUG] cheese - null
[2020-03-07T19:06:39.673] [DEBUG] cheese - login => username:admin,password:123456
[2020-03-07T19:06:39.673] [DEBUG] cheese - admin
[2020-03-07T19:06:39.674] [DEBUG] cheese - null
[2020-03-07T19:06:39.674] [DEBUG] cheese - null
[2020-03-07T19:20:25.692] [DEBUG] cheese - login => username:admin,password:123456
[2020-03-07T19:20:25.692] [DEBUG] cheese - admin
[2020-03-07T19:20:25.693] [DEBUG] cheese - null
[2020-03-07T19:20:25.694] [DEBUG] cheese - null
[2020-03-07T19:30:54.512] [DEBUG] cheese - login => username:admin,password:123456
[2020-03-07T19:30:54.512] [DEBUG] cheese - admin
[2020-03-07T19:30:54.514] [DEBUG] cheese - null
[2020-03-07T19:30:54.514] [DEBUG] cheese - null
[2020-03-07T19:44:11.120] [DEBUG] cheese - login => username:admin,password:123456
[2020-03-07T19:44:11.120] [DEBUG] cheese - admin
[2020-03-07T19:44:11.122] [DEBUG] cheese - null
[2020-03-07T19:44:11.123] [DEBUG] cheese - null
[2020-03-07T19:51:39.909] [DEBUG] cheese - login => username:admin,password:123456
[2020-03-07T19:51:39.909] [DEBUG] cheese - admin
[2020-03-07T19:51:39.911] [DEBUG] cheese - null
[2020-03-07T19:51:39.911] [DEBUG] cheese - null
[2020-03-07T20:19:48.585] [DEBUG] cheese - login => username:admin,password:123456
[2020-03-07T20:19:48.585] [DEBUG] cheese - admin
[2020-03-07T20:19:48.587] [DEBUG] cheese - null
[2020-03-07T20:19:48.587] [DEBUG] cheese - null
[2020-03-07T21:06:44.156] [DEBUG] cheese - login => username:admin,password:123456
[2020-03-07T21:06:44.156] [DEBUG] cheese - admin
[2020-03-07T21:06:44.158] [DEBUG] cheese - null
[2020-03-07T21:06:44.158] [DEBUG] cheese - null
[2020-03-07T21:08:19.977] [DEBUG] cheese - login => username:admin,password:123456
[2020-03-07T21:08:19.978] [DEBUG] cheese - admin
[2020-03-07T21:08:19.980] [DEBUG] cheese - null
[2020-03-07T21:08:19.980] [DEBUG] cheese - null
[2020-03-07T22:22:28.105] [DEBUG] cheese - login => username:admin,password:123456
[2020-03-07T22:22:28.105] [DEBUG] cheese - admin
[2020-03-07T22:22:28.107] [DEBUG] cheese - null
[2020-03-07T22:22:28.107] [DEBUG] cheese - null
[2020-03-07T22:26:15.868] [DEBUG] cheese - login => username:admin,password:123456
[2020-03-07T22:26:15.868] [DEBUG] cheese - admin
[2020-03-07T22:26:15.869] [DEBUG] cheese - null
[2020-03-07T22:26:15.869] [DEBUG] cheese - null
[2020-03-08T16:19:57.553] [DEBUG] cheese - login => username:admin,password:123456
[2020-03-08T16:19:57.554] [DEBUG] cheese - admin
[2020-03-08T16:19:57.573] [DEBUG] cheese - null
[2020-03-08T16:19:57.574] [DEBUG] cheese - null
[2020-03-09T15:21:31.566] [DEBUG] cheese - login => username:admin,password:123456
[2020-03-09T15:21:31.567] [DEBUG] cheese - admin
[2020-03-09T15:21:31.597] [DEBUG] cheese - null
[2020-03-09T15:21:31.598] [DEBUG] cheese - null
[2020-03-09T18:46:22.722] [DEBUG] cheese - null
[2020-03-09T18:46:30.134] [DEBUG] cheese - null
[2020-03-09T18:48:28.462] [DEBUG] cheese - null
[2020-03-09T18:49:41.702] [DEBUG] cheese - null
[2020-03-09T18:49:45.118] [DEBUG] cheese - null
[2020-03-09T20:34:21.049] [DEBUG] cheese - null
